app/build/outputs/logs/manifest-merger-debug-report.txt
-- Merging decision tree log ---
manifest
ADDED from src/main/AndroidManifest.xml:17:1-43:12
INJECTED from src/main/AndroidManifest.xml:17:1-43:12
INJECTED from src/main/AndroidManifest.xml:17:1-43:12
INJECTED from src/main/AndroidManifest.xml:17:1-43:12
INJECTED from src/main/AndroidManifest.xml:17:1-43:12
	package
		ADDED from src/main/AndroidManifest.xml:18:5-55
	android:versionName
		ADDED from src/main/AndroidManifest.xml:20:5-30
		INJECTED from src/main/AndroidManifest.xml
		INJECTED from src/main/AndroidManifest.xml
	xmlns:android
		ADDED from src/main/AndroidManifest.xml:17:11-69
	android:versionCode
		ADDED from src/main/AndroidManifest.xml:19:5-28
		INJECTED from src/main/AndroidManifest.xml
		INJECTED from src/main/AndroidManifest.xml
uses-sdk
ADDED from src/main/AndroidManifest.xml:22:5-24:41
INJECTED from src/main/AndroidManifest.xml:22:5-24:41
INJECTED from src/main/AndroidManifest.xml:22:5-24:41
INJECTED from src/main/AndroidManifest.xml:22:5-24:41
INJECTED from src/main/AndroidManifest.xml:22:5-24:41
	android:targetSdkVersion
		ADDED from src/main/AndroidManifest.xml:24:9-38
		INJECTED from src/main/AndroidManifest.xml
		INJECTED from src/main/AndroidManifest.xml
	android:minSdkVersion
		ADDED from src/main/AndroidManifest.xml:23:9-35
		INJECTED from src/main/AndroidManifest.xml
		INJECTED from src/main/AndroidManifest.xml
uses-permission#android.permission.RECORD_AUDIO
ADDED from src/main/AndroidManifest.xml:26:5-70
	android:name
		ADDED from src/main/AndroidManifest.xml:26:22-68
application
ADDED from src/main/AndroidManifest.xml:28:5-41:19
	android:label
		ADDED from src/main/AndroidManifest.xml:30:9-41
	android:allowBackup
		ADDED from src/main/AndroidManifest.xml:29:9-35
activity#com.google.android.glass.sample.waveform.WaveformActivity
ADDED from src/main/AndroidManifest.xml:32:9-39:20
	android:name
		ADDED from src/main/AndroidManifest.xml:33:13-85
intent-filter#action:name:com.google.android.glass.action.VOICE_TRIGGER
ADDED from src/main/AndroidManifest.xml:34:13-36:29
action#com.google.android.glass.action.VOICE_TRIGGER
ADDED from src/main/AndroidManifest.xml:35:17-88
	android:name
		ADDED from src/main/AndroidManifest.xml:35:25-85
meta-data#com.google.android.glass.VoiceTrigger
ADDED from src/main/AndroidManifest.xml:37:13-38:66
	android:resource
		ADDED from src/main/AndroidManifest.xml:38:17-63
	android:name
		ADDED from src/main/AndroidManifest.xml:37:24-76